<?xml version="1.0" encoding="UTF-8"?>
<testng-results ignored="0" total="1" passed="1" failed="0" skipped="0">
  <reporter-output>
  </reporter-output>
  <suite started-at="2024-04-03T04:38:00Z" name="Suite" finished-at="2024-04-03T04:38:10Z" duration-ms="10556">
    <groups>
      <group name="cucumber">
        <method signature="AbstractTestNGCucumberTests.runScenario(io.cucumber.testng.PickleEventWrapper, io.cucumber.testng.CucumberFeatureWrapper)[pri:0, instance:runner.RunCukes@7db12bb6]" name="runScenario" class="io.cucumber.testng.AbstractTestNGCucumberTests"/>
      </group> <!-- cucumber -->
    </groups>
    <test started-at="2024-04-03T04:38:00Z" name="Test" finished-at="2024-04-03T04:38:10Z" duration-ms="10556">
      <class name="runner.RunCukes">
        <test-method is-config="true" signature="setUpClass()[pri:0, instance:runner.RunCukes@7db12bb6]" started-at="2024-04-03T04:38:00Z" name="setUpClass" finished-at="2024-04-03T04:38:00Z" duration-ms="149" status="PASS">
          <reporter-output>
          </reporter-output>
        </test-method> <!-- setUpClass -->
        <test-method signature="runScenario(io.cucumber.testng.PickleEventWrapper, io.cucumber.testng.CucumberFeatureWrapper)[pri:0, instance:runner.RunCukes@7db12bb6]" started-at="2024-04-03T04:38:00Z" name="runScenario" description="Runs Cucumber Scenarios" data-provider="scenarios" finished-at="2024-04-03T04:38:10Z" duration-ms="10262" status="PASS">
          <params>
            <param index="0">
              <value>
                <![CDATA["To check if user enter valid username and valid"]]>
              </value>
            </param>
            <param index="1">
              <value>
                <![CDATA["to check user is able to login into Amazon website  and search the prdouct"]]>
              </value>
            </param>
          </params>
          <reporter-output>
          </reporter-output>
        </test-method> <!-- runScenario -->
        <test-method is-config="true" signature="tearDownClass()[pri:0, instance:runner.RunCukes@7db12bb6]" started-at="2024-04-03T04:38:10Z" name="tearDownClass" finished-at="2024-04-03T04:38:10Z" duration-ms="95" status="PASS">
          <reporter-output>
          </reporter-output>
        </test-method> <!-- tearDownClass -->
      </class> <!-- runner.RunCukes -->
    </test> <!-- Test -->
  </suite> <!-- Suite -->
</testng-results>
