<?xml version="1.0" encoding="UTF-8"?>
<testng-results ignored="0" total="1" passed="1" failed="0" skipped="0">
  <reporter-output>
  </reporter-output>
  <suite started-at="2023-11-16T04:09:31Z" name="Suite" finished-at="2023-11-16T04:09:46Z" duration-ms="14637">
    <groups>
      <group name="cucumber">
        <method signature="AbstractTestNGCucumberTests.runScenario(io.cucumber.testng.PickleEventWrapper, io.cucumber.testng.CucumberFeatureWrapper)[pri:0, instance:runner.RunCukes@5505ae1a]" name="runScenario" class="io.cucumber.testng.AbstractTestNGCucumberTests"/>
      </group> <!-- cucumber -->
    </groups>
    <test started-at="2023-11-16T04:09:31Z" name="Test" finished-at="2023-11-16T04:09:46Z" duration-ms="14637">
      <class name="runner.RunCukes">
        <test-method is-config="true" signature="setUpClass()[pri:0, instance:runner.RunCukes@5505ae1a]" started-at="2023-11-16T04:09:31Z" name="setUpClass" finished-at="2023-11-16T04:09:32Z" duration-ms="208" status="PASS">
          <reporter-output>
          </reporter-output>
        </test-method> <!-- setUpClass -->
        <test-method signature="runScenario(io.cucumber.testng.PickleEventWrapper, io.cucumber.testng.CucumberFeatureWrapper)[pri:0, instance:runner.RunCukes@5505ae1a]" started-at="2023-11-16T04:09:32Z" name="runScenario" description="Runs Cucumber Scenarios" data-provider="scenarios" finished-at="2023-11-16T04:09:46Z" duration-ms="14300" status="PASS">
          <params>
            <param index="0">
              <value>
                <![CDATA["To check if user enter valid username and valid"]]>
              </value>
            </param>
            <param index="1">
              <value>
                <![CDATA["to check user is able to login into Amazon website  and search the prdouct"]]>
              </value>
            </param>
          </params>
          <reporter-output>
          </reporter-output>
        </test-method> <!-- runScenario -->
        <test-method is-config="true" signature="tearDownClass()[pri:0, instance:runner.RunCukes@5505ae1a]" started-at="2023-11-16T04:09:46Z" name="tearDownClass" finished-at="2023-11-16T04:09:46Z" duration-ms="54" status="PASS">
          <reporter-output>
          </reporter-output>
        </test-method> <!-- tearDownClass -->
      </class> <!-- runner.RunCukes -->
    </test> <!-- Test -->
  </suite> <!-- Suite -->
</testng-results>
